           1
          50
  
  0.3162280000000E+01   0.4995463755496E-19
  0.3314420000000E+01   0.4567226696099E-19
  0.3473890000000E+01   0.4217465471555E-19
  0.3641030000000E+01   0.3856258712987E-19
  0.3816210000000E+01   0.3528105402367E-19
  0.3999820000000E+01   0.3235157359283E-19
  0.4192270000000E+01   0.2974462213232E-19
  0.4393970000000E+01   0.2728026390828E-19
  0.4605380000000E+01   0.2501905741046E-19
  0.4826960000000E+01   0.2287592568860E-19
  0.5059200000000E+01   0.2108303733537E-19
  0.5302610000000E+01   0.1923581415206E-19
  0.5557740000000E+01   0.1759145339251E-19
  0.5825140000000E+01   0.1610859894679E-19
  0.6105400000000E+01   0.1473216751678E-19
  0.6399150000000E+01   0.1351442718395E-19
  0.6707040000000E+01   0.1235730765792E-19
  0.7029730000000E+01   0.1132866404965E-19
  0.7367950000000E+01   0.1036864753731E-19
  0.7722450000000E+01   0.9552023163075E-20
  0.8094000000000E+01   0.8839429717471E-20
  0.8483430000000E+01   0.8200609159231E-20
  0.8891590000000E+01   0.7646581277962E-20
  0.9319400000000E+01   0.7157493036879E-20
  0.9767780000000E+01   0.6686009435173E-20
  0.1023770000000E+02   0.6235381001707E-20
  0.1073030000000E+02   0.5795666858745E-20
  0.1124660000000E+02   0.5361023040089E-20
  0.1178770000000E+02   0.4953546604388E-20
  0.1235480000000E+02   0.4557149024875E-20
  0.1294930000000E+02   0.4176364724948E-20
  0.1357230000000E+02   0.3834629226391E-20
  0.1422530000000E+02   0.3526289379989E-20
  0.1490970000000E+02   0.3258916385343E-20
  0.1562710000000E+02   0.3061904564023E-20
  0.1637890000000E+02   0.2898363599341E-20
  0.1716700000000E+02   0.2754193914156E-20
  0.1799290000000E+02   0.2617609054525E-20
  0.1885860000000E+02   0.2471654425305E-20
  0.1976600000000E+02   0.2303463881145E-20
  0.2071700000000E+02   0.2135285391293E-20
  0.2171370000000E+02   0.1971083471621E-20
  0.2275850000000E+02   0.1815051326024E-20
  0.2385340000000E+02   0.1668877399994E-20
  0.2500110000000E+02   0.1532350715515E-20
  0.2620400000000E+02   0.1405221638608E-20
  0.2746470000000E+02   0.1311580386017E-20
  0.2878620000000E+02   0.1176602446560E-20
  0.3017110000000E+02   0.1074315998915E-20
  0.3162280000000E+02   0.9806576569746E-21
